<?xml version="1.0" encoding="UTF-8"?>
<testng-results ignored="0" total="1" passed="1" failed="0" skipped="0">
  <reporter-output>
  </reporter-output>
  <suite started-at="2022-09-28T11:45:18 IST" name="Default suite" finished-at="2022-09-28T11:45:27 IST" duration-ms="8746">
    <groups>
    </groups>
    <test started-at="2022-09-28T11:45:18 IST" name="Default test" finished-at="2022-09-28T11:45:27 IST" duration-ms="8746">
      <class name="com.testing.LoginPageTest">
        <test-method is-config="true" signature="beforeMethod()[pri:0, instance:com.testing.LoginPageTest@43dac38f]" started-at="2022-09-28T11:45:19 IST" name="beforeMethod" finished-at="2022-09-28T11:45:26 IST" duration-ms="7650" status="PASS">
          <reporter-output>
          </reporter-output>
        </test-method> <!-- beforeMethod -->
        <test-method signature="loginPageTest()[pri:0, instance:com.testing.LoginPageTest@43dac38f]" started-at="2022-09-28T11:45:26 IST" name="loginPageTest" finished-at="2022-09-28T11:45:27 IST" duration-ms="745" status="PASS">
          <reporter-output>
          </reporter-output>
        </test-method> <!-- loginPageTest -->
        <test-method is-config="true" signature="afterMethod()[pri:0, instance:com.testing.LoginPageTest@43dac38f]" started-at="2022-09-28T11:45:27 IST" name="afterMethod" finished-at="2022-09-28T11:45:27 IST" duration-ms="236" status="PASS">
          <reporter-output>
          </reporter-output>
        </test-method> <!-- afterMethod -->
      </class> <!-- com.testing.LoginPageTest -->
    </test> <!-- Default test -->
  </suite> <!-- Default suite -->
</testng-results>
